<?xml version="1.0" encoding="UTF-8"?>
<testng-results ignored="0" total="1" passed="1" failed="0" skipped="0">
  <reporter-output>
  </reporter-output>
  <suite started-at="2023-08-23T10:49:18 IST" name="Failed suite [Failed suite [Default Suite]]" finished-at="2023-08-23T10:49:21 IST" duration-ms="3099">
    <groups>
    </groups>
    <test started-at="2023-08-23T10:49:18 IST" name="TestNG(failed)(failed)" finished-at="2023-08-23T10:49:21 IST" duration-ms="3099">
      <class name="TestGoogle1">
        <test-method is-config="true" signature="driverInit()[pri:0, instance:TestGoogle1@3b07a0d6]" started-at="2023-08-23T10:49:12 IST" name="driverInit" finished-at="2023-08-23T10:49:18 IST" duration-ms="5788" status="PASS">
          <reporter-output>
          </reporter-output>
        </test-method> <!-- driverInit -->
        <test-method signature="runAmazon()[pri:1, instance:TestGoogle1@3b07a0d6]" started-at="2023-08-23T10:49:18 IST" name="runAmazon" finished-at="2023-08-23T10:49:21 IST" duration-ms="3066" status="PASS">
          <reporter-output>
          </reporter-output>
        </test-method> <!-- runAmazon -->
        <test-method is-config="true" signature="driverEnd()[pri:0, instance:TestGoogle1@3b07a0d6]" started-at="2023-08-23T10:49:21 IST" name="driverEnd" finished-at="2023-08-23T10:49:22 IST" duration-ms="1537" status="PASS">
          <reporter-output>
          </reporter-output>
        </test-method> <!-- driverEnd -->
      </class> <!-- TestGoogle1 -->
    </test> <!-- TestNG(failed)(failed) -->
  </suite> <!-- Failed suite [Failed suite [Default Suite]] -->
</testng-results>
